2023-03-07 10:37:32,144 INFO o.a.j.u.JMeterUtils: Setting Locale to en_EN
2023-03-07 10:37:32,163 INFO o.a.j.JMeter: Loading user properties from: user.properties
2023-03-07 10:37:32,164 INFO o.a.j.JMeter: Loading system properties from: system.properties
2023-03-07 10:37:32,171 INFO o.a.j.JMeter: Copyright (c) 1998-2022 The Apache Software Foundation
2023-03-07 10:37:32,171 INFO o.a.j.JMeter: Version 5.5
2023-03-07 10:37:32,171 INFO o.a.j.JMeter: java.version=11.0.18
2023-03-07 10:37:32,171 INFO o.a.j.JMeter: java.vm.name=OpenJDK 64-Bit Server VM
2023-03-07 10:37:32,171 INFO o.a.j.JMeter: os.name=Windows Server 2022
2023-03-07 10:37:32,171 INFO o.a.j.JMeter: os.arch=amd64
2023-03-07 10:37:32,171 INFO o.a.j.JMeter: os.version=10.0
2023-03-07 10:37:32,171 INFO o.a.j.JMeter: file.encoding=Cp1252
2023-03-07 10:37:32,171 INFO o.a.j.JMeter: java.awt.headless=true
2023-03-07 10:37:32,172 INFO o.a.j.JMeter: Max memory     =1073741824
2023-03-07 10:37:32,172 INFO o.a.j.JMeter: Available Processors =16
2023-03-07 10:37:32,180 INFO o.a.j.JMeter: Default Locale=English (EN)
2023-03-07 10:37:32,180 INFO o.a.j.JMeter: JMeter  Locale=English (EN)
2023-03-07 10:37:32,180 INFO o.a.j.JMeter: JMeterHome=C:\Users\azureuser\Downloads\apache-jmeter-5.5\apache-jmeter-5.5
2023-03-07 10:37:32,180 INFO o.a.j.JMeter: user.dir  =C:\Users\azureuser\Downloads\apache-jmeter-5.5\apache-jmeter-5.5\bin
2023-03-07 10:37:32,180 INFO o.a.j.JMeter: PWD       =C:\Users\azureuser\Downloads\apache-jmeter-5.5\apache-jmeter-5.5\bin
2023-03-07 10:37:32,186 INFO o.a.j.JMeter: IP: 10.0.0.8 Name: JMWindows FullName: JMWindows.2ik0z1ebbbauzmbjth00fidyoh.bx.internal.cloudapp.net
2023-03-07 10:37:32,199 INFO o.a.j.s.FileServer: Default base='C:\Users\azureuser\Downloads\apache-jmeter-5.5\apache-jmeter-5.5\bin'
2023-03-07 10:37:32,199 INFO o.a.j.s.FileServer: Set new base='C:\Users\azureuser\Desktop'
2023-03-07 10:37:32,346 INFO o.a.j.s.SaveService: Testplan (JMX) version: 2.2. Testlog (JTL) version: 2.2
2023-03-07 10:37:32,365 INFO o.a.j.s.SaveService: Using SaveService properties version 5.0
2023-03-07 10:37:32,368 INFO o.a.j.s.SaveService: Using SaveService properties file encoding UTF-8
2023-03-07 10:37:32,370 INFO o.a.j.s.SaveService: Loading file: C:\Users\azureuser\Desktop\Somraj_Kt.jmx
2023-03-07 10:37:32,411 INFO o.a.j.p.h.s.HTTPSamplerBase: Parser for text/html is org.apache.jmeter.protocol.http.parser.LagartoBasedHtmlParser
2023-03-07 10:37:32,412 INFO o.a.j.p.h.s.HTTPSamplerBase: Parser for application/xhtml+xml is org.apache.jmeter.protocol.http.parser.LagartoBasedHtmlParser
2023-03-07 10:37:32,412 INFO o.a.j.p.h.s.HTTPSamplerBase: Parser for application/xml is org.apache.jmeter.protocol.http.parser.LagartoBasedHtmlParser
2023-03-07 10:37:32,412 INFO o.a.j.p.h.s.HTTPSamplerBase: Parser for text/xml is org.apache.jmeter.protocol.http.parser.LagartoBasedHtmlParser
2023-03-07 10:37:32,412 INFO o.a.j.p.h.s.HTTPSamplerBase: Parser for text/vnd.wap.wml is org.apache.jmeter.protocol.http.parser.RegexpHTMLParser
2023-03-07 10:37:32,412 INFO o.a.j.p.h.s.HTTPSamplerBase: Parser for text/css is org.apache.jmeter.protocol.http.parser.CssParser
2023-03-07 10:37:32,429 INFO o.a.j.JMeter: Creating summariser <summary>
2023-03-07 10:37:32,437 INFO o.a.j.e.StandardJMeterEngine: Running the test!
2023-03-07 10:37:32,438 INFO o.a.j.s.SampleEvent: List of sample_variables: []
2023-03-07 10:37:32,438 INFO o.a.j.s.SampleEvent: List of sample_variables: []
2023-03-07 10:37:32,446 INFO o.a.j.e.u.CompoundVariable: Note: Function class names must contain the string: '.functions.'
2023-03-07 10:37:32,446 INFO o.a.j.e.u.CompoundVariable: Note: Function class names must not contain the string: '.gui.'
2023-03-07 10:37:32,717 INFO o.a.j.JMeter: Running test (1678185452717)
2023-03-07 10:37:32,729 INFO o.a.j.e.StandardJMeterEngine: Starting ThreadGroup: 1 : Thread Group
2023-03-07 10:37:32,729 INFO o.a.j.e.StandardJMeterEngine: Starting 1 threads for group Thread Group.
2023-03-07 10:37:32,729 INFO o.a.j.e.StandardJMeterEngine: Thread will continue on error
2023-03-07 10:37:32,729 INFO o.a.j.t.ThreadGroup: Starting thread group... number=1 threads=1 ramp-up=1 delayedStart=false
2023-03-07 10:37:32,734 INFO o.a.j.t.ThreadGroup: Started thread group number 1
2023-03-07 10:37:32,734 INFO o.a.j.e.StandardJMeterEngine: All thread groups have been started
2023-03-07 10:37:32,738 INFO o.a.j.t.JMeterThread: Thread started: Thread Group 1-1
2023-03-07 10:37:32,754 INFO o.a.j.p.h.s.HTTPHCAbstractImpl: Local host = JMWindows
2023-03-07 10:37:32,760 INFO o.a.j.p.h.s.HTTPHC4Impl: HTTP request retry count = 0
2023-03-07 10:37:32,761 INFO o.a.j.s.SampleResult: Note: Sample TimeStamps are START times
2023-03-07 10:37:32,761 INFO o.a.j.s.SampleResult: sampleresult.default.encoding is set to ISO-8859-1
2023-03-07 10:37:32,761 INFO o.a.j.s.SampleResult: sampleresult.useNanoTime=true
2023-03-07 10:37:32,761 INFO o.a.j.s.SampleResult: sampleresult.nanoThreadSleep=5000
2023-03-07 10:37:32,853 INFO o.a.j.p.h.s.h.LazyLayeredConnectionSocketFactory: Setting up HTTPS TrustAll Socket Factory
2023-03-07 10:37:32,859 INFO o.a.j.u.JsseSSLManager: Using default SSL protocol: TLS
2023-03-07 10:37:32,859 INFO o.a.j.u.JsseSSLManager: SSL session context: per-thread
2023-03-07 10:37:32,918 INFO o.a.j.u.SSLManager: JmeterKeyStore Location:  type JKS
2023-03-07 10:37:32,923 INFO o.a.j.u.SSLManager: KeyStore created OK
2023-03-07 10:37:32,923 WARN o.a.j.u.SSLManager: Keystore file not found, loading empty keystore
2023-03-07 10:37:33,160 INFO o.a.j.r.Summariser: summary +      1 in 00:00:00 =    2.3/s Avg:   324 Min:   324 Max:   324 Err:     0 (0.00%) Active: 1 Started: 1 Finished: 0
2023-03-07 10:37:33,160 INFO o.a.j.t.JMeterThread: Thread is done: Thread Group 1-1
2023-03-07 10:37:33,160 INFO o.a.j.t.JMeterThread: Thread finished: Thread Group 1-1
2023-03-07 10:37:33,162 INFO o.a.j.e.StandardJMeterEngine: Notifying test listeners of end of test
2023-03-07 10:37:33,163 INFO o.a.j.r.Summariser: summary =      1 in 00:00:00 =    2.2/s Avg:   324 Min:   324 Max:   324 Err:     0 (0.00%)
